2025-03-10 20:08:09,746 - INFO - 开始处理文章: Obsidian面板里实现自动推送笔记到Github
2025-03-10 20:08:09,748 - INFO - 在 I:\B-1 笔记\Android\Android 中搜索文章...
2025-03-10 20:08:09,758 - INFO - 找到文章: I:\B-1 笔记\Android\Android\Git\Blog\Obsidian面板里实现自动推送笔记到Github.md
2025-03-10 20:08:09,758 - INFO - 复制文件到: I:\B-MioBlogSites\_MCP\Obsidian面板里实现自动推送笔记到Github.md
2025-03-10 20:08:09,759 - INFO - 处理文章中的图片...
2025-03-10 20:08:09,765 - INFO - 找到 11 张图片需要处理
2025-03-10 20:08:09,766 - INFO - 复制图片 1/11: Pasted image 20250310193312.png
2025-03-10 20:08:09,780 - INFO - 复制图片 2/11: Pasted image 20250310195014.png
2025-03-10 20:08:09,780 - INFO - 复制图片 3/11: Pasted image 20250310193644.png
2025-03-10 20:08:09,782 - INFO - 复制图片 4/11: Pasted image 20250310193740.png
2025-03-10 20:08:09,782 - INFO - 复制图片 5/11: Pasted image 20250310193822.png
2025-03-10 20:08:09,783 - INFO - 复制图片 6/11: Pasted image 20250310193925.png
2025-03-10 20:08:09,784 - INFO - 复制图片 7/11: Pasted image 20250310194344.png
2025-03-10 20:08:09,785 - INFO - 复制图片 8/11: Pasted image 20250310194652.png
2025-03-10 20:08:09,788 - INFO - 复制图片 9/11: Pasted image 20250310194858.png
2025-03-10 20:08:09,797 - INFO - 复制图片 10/11: Pasted image 20250310195014.png
2025-03-10 20:08:09,798 - INFO - 复制图片 11/11: Pasted image 20250310195454.png
2025-03-10 20:08:09,799 - INFO - 图片复制完成，图片链接将由auto_update.py处理
2025-03-10 20:08:09,799 - INFO - 执行auto_update.py脚本...
2025-03-10 20:08:09,800 - INFO - 使用虚拟环境Python执行脚本
