2024-11-27 10:47:42,697 - Service starting...
2024-11-27 10:47:42,697 - Monitoring folder: I:\B-MioBlogSites\_Language
2024-11-27 10:47:42,697 - Monitoring folder: I:\B-MioBlogSites\_Algorithm
2024-11-27 10:47:42,697 - Monitoring folder: I:\B-MioBlogSites\_Android
2024-11-27 10:47:42,697 - Monitoring folder: I:\B-MioBlogSites\_DSA
2024-11-27 10:47:42,697 - Monitor started successfully
2024-11-27 10:47:57,342 - Detected new file: I:\B-MioBlogSites\_Language\184. Elementary ‐Daily Life ‐ Fresh Start.md
2024-11-27 10:47:57,342 - Starting auto_update.py execution...
2024-11-27 10:47:57,342 - Using Python: C:\Users\windows\AppData\Local\Programs\Python\Python312\python.exe
2024-11-27 10:47:57,342 - Script path: I:\B-MioBlogSites\auto_update.py
2024-11-27 10:47:57,342 - Working directory: I:\B-MioBlogSites
2024-11-27 10:47:57,452 - Script executed successfully
2024-11-27 10:47:57,530 - Executing Git command: git add .
2024-11-27 10:47:57,632 - Executing Git command: git commit -m Auto update at 2024-11-27 10:47:57
2024-11-27 10:47:57,782 - Git output: [main 866e39c] Auto update at 2024-11-27 10:47:57
 8 files changed, 97 insertions(+), 27 deletions(-)
 create mode 100644 blog_monitor_service.log
 rename manage_service.bat => blog_service.bat (73%)
 create mode 100644 push_empty.py

2024-11-27 10:47:57,782 - Executing Git command: git pull --no-rebase origin main
2024-11-27 10:48:01,320 - Git output: Already up to date.

2024-11-27 10:48:01,320 - Git error: From github.com:Carrie-L/carrie-l.github.io
 * branch            main       -> FETCH_HEAD

2024-11-27 10:48:01,320 - Executing Git command: git push origin main
2024-11-27 10:48:04,619 - Git error: To github.com:Carrie-L/carrie-l.github.io.git
   f1815b9..866e39c  main -> main

2024-11-27 10:48:04,619 - Executing Git command: git commit --allow-empty -m Trigger rebuild
2024-11-27 10:48:04,703 - Git output: [main b039462] Trigger rebuild

2024-11-27 10:48:04,703 - Executing Git command: git push origin main
2024-11-27 10:48:27,036 - Git error: Connection reset by 20.205.243.166 port 22
fatal: Could not read from remote repository.

Please make sure you have the correct access rights
and the repository exists.

2024-11-27 10:48:27,036 - Git command failed: git push origin main
2024-11-27 10:49:37,084 - Service stopping...
2024-11-27 10:50:19,035 - Service starting...
2024-11-27 10:50:19,035 - Monitoring folder: I:\B-MioBlogSites\_Language
2024-11-27 10:50:19,041 - Monitoring folder: I:\B-MioBlogSites\_Algorithm
2024-11-27 10:50:19,041 - Monitoring folder: I:\B-MioBlogSites\_Android
2024-11-27 10:50:19,041 - Monitoring folder: I:\B-MioBlogSites\_DSA
2024-11-27 10:50:19,041 - Monitor started successfully
2024-11-27 10:54:41,391 - Service stopping...
2024-11-27 10:54:47,001 - Service starting...
2024-11-27 10:54:47,001 - Monitoring folder: I:\B-MioBlogSites\_Language
2024-11-27 10:54:47,001 - Monitoring folder: I:\B-MioBlogSites\_Algorithm
2024-11-27 10:54:47,001 - Monitoring folder: I:\B-MioBlogSites\_Android
2024-11-27 10:54:47,001 - Monitoring folder: I:\B-MioBlogSites\_DSA
2024-11-27 10:54:47,001 - Monitor started successfully
2024-11-27 10:55:20,602 - Detected new file: I:\B-MioBlogSites\_Language\184. Elementary ‐Daily Life ‐ Fresh Start.md
2024-11-27 10:55:20,602 - Starting auto_update.py execution...
2024-11-27 10:55:20,602 - Using Python: C:\Users\windows\AppData\Local\Programs\Python\Python312\python.exe
2024-11-27 10:55:20,602 - Script path: I:\B-MioBlogSites\auto_update.py
2024-11-27 10:55:20,602 - Working directory: I:\B-MioBlogSites
2024-11-27 10:55:20,718 - Script executed successfully
2024-11-27 10:55:20,782 - Executing Git command: git add .
2024-11-27 10:55:20,872 - Executing Git command: git commit -m Auto update at 2024-11-27 10:55:20
2024-11-27 10:55:20,962 - Git output: [main f17dfb2] Auto update at 2024-11-27 10:55:20
 4 files changed, 15 insertions(+), 3 deletions(-)

2024-11-27 10:55:20,962 - Executing Git command: git pull --no-rebase origin main
2024-11-27 10:55:24,342 - Git output: Already up to date.

2024-11-27 10:55:24,342 - Git error: From github.com:Carrie-L/carrie-l.github.io
 * branch            main       -> FETCH_HEAD

2024-11-27 10:55:24,342 - Executing Git command: git push origin main
2024-11-27 10:55:27,712 - Git error: To github.com:Carrie-L/carrie-l.github.io.git
   7d10739..f17dfb2  main -> main

2024-11-27 10:55:27,712 - Git commit and push completed successfully
2024-11-27 10:56:51,034 - Detected new file: I:\B-MioBlogSites\_Language\Conserve vs. Conservative vs. Conventional 详解用法.md
2024-11-27 10:56:51,034 - Starting auto_update.py execution...
2024-11-27 10:56:51,034 - Using Python: C:\Users\windows\AppData\Local\Programs\Python\Python312\python.exe
2024-11-27 10:56:51,034 - Script path: I:\B-MioBlogSites\auto_update.py
2024-11-27 10:56:51,034 - Working directory: I:\B-MioBlogSites
2024-11-27 10:56:51,185 - Script executed successfully
2024-11-27 10:56:51,264 - Executing Git command: git add .
2024-11-27 10:56:51,385 - Executing Git command: git commit -m Auto update at 2024-11-27 10:56:51
2024-11-27 10:56:51,484 - Git output: [main 8899c55] Auto update at 2024-11-27 10:56:51
 5 files changed, 211 insertions(+), 3 deletions(-)
 create mode 100644 "_Language/Conserve vs. Conservative vs. Conventional \350\257\246\350\247\243\347\224\250\346\263\225.md"

2024-11-27 10:56:51,484 - Executing Git command: git pull --no-rebase origin main
2024-11-27 10:56:54,971 - Git output: Already up to date.

2024-11-27 10:56:54,971 - Git error: From github.com:Carrie-L/carrie-l.github.io
 * branch            main       -> FETCH_HEAD

2024-11-27 10:56:54,971 - Executing Git command: git push origin main
2024-11-27 10:56:58,244 - Git error: To github.com:Carrie-L/carrie-l.github.io.git
   f17dfb2..8899c55  main -> main

2024-11-27 10:56:58,244 - Git commit and push completed successfully
2024-11-27 19:01:18,557 - Detected new file: I:\B-MioBlogSites\_Language\建立知识体系.md
2024-11-27 19:01:18,557 - Starting auto_update.py execution...
2024-11-27 19:01:18,557 - Using Python: C:\Users\windows\AppData\Local\Programs\Python\Python312\python.exe
2024-11-27 19:01:18,557 - Script path: I:\B-MioBlogSites\auto_update.py
2024-11-27 19:01:18,557 - Working directory: I:\B-MioBlogSites
